<?xml version="1.0" encoding="UTF-8"?>
<testsuite xmlns:xsi="http://www.w3.org/2001/XMLSchema-instance" xsi:noNamespaceSchemaLocation="https://maven.apache.org/surefire/maven-surefire-plugin/xsd/surefire-test-report-3.0.xsd" version="3.0" name="dp.StringDPTest" time="0.024" tests="10" errors="0" skipped="0" failures="0">
  <properties>
[...]
</properties>
  <testcase name="editDistanceWithEmptyLeftString" classname="dp.StringDPTest" time="0.003"/>
  <testcase name="lcsWithNoCommonCharacters" classname="dp.StringDPTest" time="0.001"/>
  <testcase name="lcsWithIdenticalStrings" classname="dp.StringDPTest" time="0.001"/>
  <testcase name="editDistanceMemOptMatchesFullDpForSeveralPairs" classname="dp.StringDPTest" time="0.003"/>
  <testcase name="alignmentOpsAreConsistentWithEditDistance" classname="dp.StringDPTest" time="0.003"/>
  <testcase name="lcsStringIsValidSubsequenceOfBoth" classname="dp.StringDPTest" time="0.0"/>
  <testcase name="lcsMemOptMatchesFullDpForSeveralPairs" classname="dp.StringDPTest" time="0.002"/>
  <testcase name="lcsWithEmptyStrings" classname="dp.StringDPTest" time="0.0"/>
  <testcase name="editDistanceWithIdenticalStrings" classname="dp.StringDPTest" time="0.001"/>
  <testcase name="editDistanceKittenSittingIsThree" classname="dp.StringDPTest" time="0.002"/>
</testsuite>